<?xml version="1.0" encoding="UTF-8"?>
<testsuite xmlns:xsi="http://www.w3.org/2001/XMLSchema-instance" xsi:noNamespaceSchemaLocation="https://maven.apache.org/surefire/maven-surefire-plugin/xsd/surefire-test-report.xsd" name="com.meetashwin.ds.LLOperationsTest" time="0.017" tests="2" errors="0" skipped="0" failures="0">
  <properties>
[...]
</properties>
  <testcase name="testPrintLinkedList" classname="com.meetashwin.ds.LLOperationsTest" time="0.003"/>
  <testcase name="testAddToLinkedList" classname="com.meetashwin.ds.LLOperationsTest" time="0.009"/>
</testsuite>